<?xml version="1.0" encoding="UTF-8"?>
<testsuite xmlns:xsi="http://www.w3.org/2001/XMLSchema-instance" xsi:noNamespaceSchemaLocation="https://maven.apache.org/surefire/maven-surefire-plugin/xsd/surefire-test-report-3.0.xsd" version="3.0" name="com.jonas.iniflex.Services.ServiceTest" time="0.42" tests="10" errors="0" skipped="0" failures="0">
  <properties>
[...]
</properties>
  <testcase name="whenFindListTodosFuncionarioThenReturnSuccess" classname="com.jonas.iniflex.Services.ServiceTest" time="0.174">
    <system-out><![CDATA[Lista de todos os Funcioanarios:
Joao, nasceu em 12/05/1990, possui salário de 2.284,38, função Operador
Fernando, nasceu em 20/03/1980, possui salário de 1.000,00, função Operador
ParseException: Unparseable date: "15/06/1980"
]]></system-out>
  </testcase>
  <testcase name="whenFindFuncionarioMaisVelhoThenReturnDadosFuncionarioMaisvelho" classname="com.jonas.iniflex.Services.ServiceTest" time="0.073">
    <system-out><![CDATA[Funcionario(a) com maior idade: Joao, 12/05/1990
]]></system-out>
  </testcase>
  <testcase name="whenAumentoSalarioTodosFuncionariosReturnListaComAumento" classname="com.jonas.iniflex.Services.ServiceTest" time="0.015"/>
  <testcase name="whenFindListaQtdSalarioMinimoPorFuncionarioTheReturnListaSalarioMinimo" classname="com.jonas.iniflex.Services.ServiceTest" time="0.009">
    <system-out><![CDATA[Lista de quantidade de salario minimo por funcionario.
O(a) Funcionario Joao recebe 1,88 salarios minimos
O(a) Funcionario Fernando recebe 0,83 salarios minimos
]]></system-out>
  </testcase>
  <testcase name="whenFindListaFuncionariosOrdemAlfabeticaThenReturnSuccessList" classname="com.jonas.iniflex.Services.ServiceTest" time="0.005">
    <system-out><![CDATA[Funcionarios por Ordem Alfabetica:
Fernando
Joao
]]></system-out>
  </testcase>
  <testcase name="whenFindFuncionariosMapTheReturnSuccess" classname="com.jonas.iniflex.Services.ServiceTest" time="0.011">
    <system-out><![CDATA[Funcionários agrupados por função.
Operador: [Joao, nasceu em 12/05/1990, possui salário de 2.284,38, função Operador, Fernando, nasceu em 20/03/1980, possui salário de 1.000,00, função Operador]
]]></system-out>
  </testcase>
  <testcase name="whenAddFuncionarioThenReturnSuccess" classname="com.jonas.iniflex.Services.ServiceTest" time="0.008">
    <system-out><![CDATA[ParseException: Unparseable date: "15/06/1980"
]]></system-out>
  </testcase>
  <testcase name="whenRemoveFuncionarioTheReturnSuccess" classname="com.jonas.iniflex.Services.ServiceTest" time="0.003"/>
  <testcase name="whenTotalSalarioDosFuncionariosThenReturnSomaDosSalarios" classname="com.jonas.iniflex.Services.ServiceTest" time="0.003"/>
  <testcase name="whenAniversariantesMes10E12theReturnListaAniversariantes" classname="com.jonas.iniflex.Services.ServiceTest" time="0.004">
    <system-out><![CDATA[Aniversariantes dos meses outubro e dezembro
]]></system-out>
  </testcase>
</testsuite>